h:\ffmpeg-master\ffmpeg-master\ipcemulator\ipcemulator\debug\vc120.pdb
h:\ffmpeg-master\ffmpeg-master\ipcemulator\ipcemulator\debug\videothread.obj
h:\ffmpeg-master\ffmpeg-master\ipcemulator\ipcemulator\debug\sdlplay.obj
h:\ffmpeg-master\ffmpeg-master\ipcemulator\ipcemulator\debug\rcvframe.obj
h:\ffmpeg-master\ffmpeg-master\ipcemulator\ipcemulator\debug\mytitlebar.obj
h:\ffmpeg-master\ffmpeg-master\ipcemulator\ipcemulator\debug\mgr.obj
h:\ffmpeg-master\ffmpeg-master\ipcemulator\ipcemulator\debug\main.obj
h:\ffmpeg-master\ffmpeg-master\ipcemulator\ipcemulator\debug\logindlg.obj
h:\ffmpeg-master\ffmpeg-master\ipcemulator\ipcemulator\debug\ipcemulator.obj
h:\ffmpeg-master\ffmpeg-master\ipcemulator\ipcemulator\debug\giveframe.obj
h:\ffmpeg-master\ffmpeg-master\ipcemulator\ipcemulator\debug\moc_videothread.obj
h:\ffmpeg-master\ffmpeg-master\ipcemulator\ipcemulator\debug\moc_rcvframe.obj
h:\ffmpeg-master\ffmpeg-master\ipcemulator\ipcemulator\debug\moc_mytitlebar.obj
h:\ffmpeg-master\ffmpeg-master\ipcemulator\ipcemulator\debug\moc_logindlg.obj
h:\ffmpeg-master\ffmpeg-master\ipcemulator\ipcemulator\debug\moc_ipcemulator.obj
h:\ffmpeg-master\ffmpeg-master\ipcemulator\ipcemulator\debug\moc_cffmpeg.obj
h:\ffmpeg-master\ffmpeg-master\ipcemulator\ipcemulator\debug\djjque.obj
h:\ffmpeg-master\ffmpeg-master\ipcemulator\ipcemulator\debug\cffmpeg.obj
h:\ffmpeg-master\ffmpeg-master\ipcemulator\ipcemulator\debug\qrc_ipcemulator.obj
h:\ffmpeg-master\ffmpeg-master\ipcemulator\ipcemulator\generatedfiles\ui_ipcemulator.h
h:\ffmpeg-master\ffmpeg-master\ipcemulator\ipcemulator\generatedfiles\debug\moc_cffmpeg.cpp
h:\ffmpeg-master\ffmpeg-master\ipcemulator\ipcemulator\generatedfiles\debug\moc_mytitlebar.cpp
h:\ffmpeg-master\ffmpeg-master\ipcemulator\ipcemulator\generatedfiles\debug\moc_logindlg.cpp
h:\ffmpeg-master\ffmpeg-master\ipcemulator\ipcemulator\generatedfiles\debug\moc_rcvframe.cpp
h:\ffmpeg-master\ffmpeg-master\ipcemulator\ipcemulator\generatedfiles\debug\moc_videothread.cpp
h:\ffmpeg-master\ffmpeg-master\ipcemulator\ipcemulator\generatedfiles\qrc_ipcemulator.cpp
h:\ffmpeg-master\ffmpeg-master\ipcemulator\ipcemulator\generatedfiles\ui_logindlg.h
h:\ffmpeg-master\ffmpeg-master\ipcemulator\ipcemulator\generatedfiles\debug\moc_ipcemulator.cpp
h:\ffmpeg-master\ffmpeg-master\ipcemulator\win32\debug\ipcemulator.ilk
h:\ffmpeg-master\ffmpeg-master\ipcemulator\win32\debug\ipcemulator.exe
h:\ffmpeg-master\ffmpeg-master\ipcemulator\win32\debug\ipcemulator.pdb
h:\ffmpeg-master\ffmpeg-master\ipcemulator\ipcemulator\debug\myapp.res
h:\ffmpeg-master\ffmpeg-master\ipcemulator\ipcemulator\debug\ipcemulator.tlog\cl.command.1.tlog
h:\ffmpeg-master\ffmpeg-master\ipcemulator\ipcemulator\debug\ipcemulator.tlog\cl.read.1.tlog
h:\ffmpeg-master\ffmpeg-master\ipcemulator\ipcemulator\debug\ipcemulator.tlog\cl.write.1.tlog
h:\ffmpeg-master\ffmpeg-master\ipcemulator\ipcemulator\debug\ipcemulator.tlog\custombuild.command.1.tlog
h:\ffmpeg-master\ffmpeg-master\ipcemulator\ipcemulator\debug\ipcemulator.tlog\custombuild.read.1.tlog
h:\ffmpeg-master\ffmpeg-master\ipcemulator\ipcemulator\debug\ipcemulator.tlog\custombuild.write.1.tlog
h:\ffmpeg-master\ffmpeg-master\ipcemulator\ipcemulator\debug\ipcemulator.tlog\link.command.1.tlog
h:\ffmpeg-master\ffmpeg-master\ipcemulator\ipcemulator\debug\ipcemulator.tlog\link.read.1.tlog
h:\ffmpeg-master\ffmpeg-master\ipcemulator\ipcemulator\debug\ipcemulator.tlog\link.write.1.tlog
h:\ffmpeg-master\ffmpeg-master\ipcemulator\ipcemulator\debug\ipcemulator.tlog\rc.command.1.tlog
h:\ffmpeg-master\ffmpeg-master\ipcemulator\ipcemulator\debug\ipcemulator.tlog\rc.read.1.tlog
h:\ffmpeg-master\ffmpeg-master\ipcemulator\ipcemulator\debug\ipcemulator.tlog\rc.write.1.tlog
