f:\vs2013project\ipcemulator\ipcemulator\debug\vc120.pdb
f:\vs2013project\ipcemulator\ipcemulator\debug\videothread.obj
f:\vs2013project\ipcemulator\ipcemulator\debug\sdlplay.obj
f:\vs2013project\ipcemulator\ipcemulator\debug\rcvframe.obj
f:\vs2013project\ipcemulator\ipcemulator\debug\main.obj
f:\vs2013project\ipcemulator\ipcemulator\debug\logindlg.obj
f:\vs2013project\ipcemulator\ipcemulator\debug\ipcemulator.obj
f:\vs2013project\ipcemulator\ipcemulator\debug\giveframe.obj
f:\vs2013project\ipcemulator\ipcemulator\debug\moc_videothread.obj
f:\vs2013project\ipcemulator\ipcemulator\debug\moc_rcvframe.obj
f:\vs2013project\ipcemulator\ipcemulator\debug\moc_logindlg.obj
f:\vs2013project\ipcemulator\ipcemulator\debug\moc_ipcemulator.obj
f:\vs2013project\ipcemulator\ipcemulator\debug\djjque.obj
f:\vs2013project\ipcemulator\ipcemulator\debug\cffmpeg.obj
f:\vs2013project\ipcemulator\ipcemulator\debug\qrc_ipcemulator.obj
f:\vs2013project\ipcemulator\ipcemulator\generatedfiles\debug\moc_ipcemulator.cpp
f:\vs2013project\ipcemulator\ipcemulator\generatedfiles\ui_ipcemulator.h
f:\vs2013project\ipcemulator\ipcemulator\generatedfiles\debug\moc_logindlg.cpp
f:\vs2013project\ipcemulator\ipcemulator\generatedfiles\debug\moc_rcvframe.cpp
f:\vs2013project\ipcemulator\ipcemulator\generatedfiles\debug\moc_videothread.cpp
f:\vs2013project\ipcemulator\ipcemulator\generatedfiles\qrc_ipcemulator.cpp
f:\vs2013project\ipcemulator\ipcemulator\generatedfiles\ui_logindlg.h
f:\vs2013project\ipcemulator\win32\debug\ipcemulator.pdb
f:\vs2013project\ipcemulator\ipcemulator\debug\ipcemulator.tlog\cl.command.1.tlog
f:\vs2013project\ipcemulator\ipcemulator\debug\ipcemulator.tlog\cl.read.1.tlog
f:\vs2013project\ipcemulator\ipcemulator\debug\ipcemulator.tlog\cl.write.1.tlog
f:\vs2013project\ipcemulator\ipcemulator\debug\ipcemulator.tlog\custombuild.command.1.tlog
f:\vs2013project\ipcemulator\ipcemulator\debug\ipcemulator.tlog\custombuild.read.1.tlog
f:\vs2013project\ipcemulator\ipcemulator\debug\ipcemulator.tlog\custombuild.write.1.tlog
f:\vs2013project\ipcemulator\ipcemulator\debug\ipcemulator.tlog\link-cvtres.read.1.tlog
f:\vs2013project\ipcemulator\ipcemulator\debug\ipcemulator.tlog\link-cvtres.write.1.tlog
f:\vs2013project\ipcemulator\ipcemulator\debug\ipcemulator.tlog\link-rc.read.1.tlog
f:\vs2013project\ipcemulator\ipcemulator\debug\ipcemulator.tlog\link-rc.write.1.tlog
f:\vs2013project\ipcemulator\ipcemulator\debug\ipcemulator.tlog\link.command.1.tlog
f:\vs2013project\ipcemulator\ipcemulator\debug\ipcemulator.tlog\link.read.1.tlog
f:\vs2013project\ipcemulator\ipcemulator\debug\ipcemulator.tlog\link.write.1.tlog
